<?xml version="1.0" encoding="UTF-8"?>
<!-- Generated by org.testng.reporters.JUnitXMLReporter -->
<testsuite ignored="0" hostname="Ashu" failures="0" tests="2" name="Updating Stand Alone Test" time="18.079" errors="0" timestamp="2024-07-26T12:58:34 IST">
  <testcase classname="SeleniumFramework.tests.UpdatingStandAloneTest" name="submitOrder" time="13.169"/>
  <testcase classname="SeleniumFramework.tests.UpdatingStandAloneTest" name="verifyProductonOrderpage" time="0.582"/>
</testsuite> <!-- Updating Stand Alone Test -->
